2022-12-05 21:27:20,588 | INFO | detect: cross, lat: 23.582494, lon: 37.909312, timestamp: 2021-01-09 02:38:07
2022-12-05 21:27:20,591 | INFO | detect: outside, lat: 23.582494, lon: 37.909312, timestamp: 2021-01-09 02:38:07
2022-12-05 21:27:20,593 | INFO | detect: outside, lat: 23.58256, lon: 37.90936, timestamp: 2021-01-09 02:38:08
2022-12-05 21:27:20,594 | INFO | detect: outside, lat: 23.582626, lon: 37.909408, timestamp: 2021-01-09 02:38:09
2022-12-05 21:27:20,596 | INFO | detect: outside, lat: 23.582692, lon: 37.909456, timestamp: 2021-01-09 02:38:10
2022-12-05 21:27:20,598 | INFO | detect: outside, lat: 23.582757, lon: 37.909505, timestamp: 2021-01-09 02:38:11
2022-12-05 21:27:20,599 | INFO | detect: outside, lat: 23.582823, lon: 37.909553, timestamp: 2021-01-09 02:38:12
2022-12-05 21:27:20,601 | INFO | detect: outside, lat: 23.582889, lon: 37.909601, timestamp: 2021-01-09 02:38:13
2022-12-05 21:27:20,602 | INFO | detect: outside, lat: 23.582954, lon: 37.90965, timestamp: 2021-01-09 02:38:14
2022-12-05 21:27:20,604 | INFO | detect: outside, lat: 23.58302, lon: 37.909698, timestamp: 2021-01-09 02:38:15
2022-12-05 21:27:20,605 | INFO | detect: outside, lat: 23.583086, lon: 37.909746, timestamp: 2021-01-09 02:38:16
2022-12-05 21:27:20,610 | INFO | detect: outside, lat: 23.583152, lon: 37.909795, timestamp: 2021-01-09 02:38:17
2022-12-05 21:27:20,612 | INFO | detect: outside, lat: 23.583217, lon: 37.909843, timestamp: 2021-01-09 02:38:18
2022-12-05 21:27:20,613 | INFO | detect: outside, lat: 23.583283, lon: 37.909891, timestamp: 2021-01-09 02:38:19
2022-12-05 21:27:20,615 | INFO | detect: outside, lat: 23.583349, lon: 37.90994, timestamp: 2021-01-09 02:38:20
2022-12-05 21:27:20,616 | INFO | detect: outside, lat: 23.583415, lon: 37.909988, timestamp: 2021-01-09 02:38:21
2022-12-05 21:27:20,618 | INFO | detect: outside, lat: 23.58348, lon: 37.910036, timestamp: 2021-01-09 02:38:22
2022-12-05 21:27:20,620 | INFO | detect: outside, lat: 23.583546, lon: 37.910084, timestamp: 2021-01-09 02:38:23
2022-12-05 21:27:20,621 | INFO | detect: outside, lat: 23.583612, lon: 37.910133, timestamp: 2021-01-09 02:38:24
2022-12-05 21:27:20,623 | INFO | detect: outside, lat: 23.583678, lon: 37.910181, timestamp: 2021-01-09 02:38:25
2022-12-05 21:27:20,625 | INFO | detect: outside, lat: 23.583743, lon: 37.910229, timestamp: 2021-01-09 02:38:26
2022-12-05 21:27:20,629 | INFO | detect: outside, lat: 23.583809, lon: 37.910278, timestamp: 2021-01-09 02:38:27
2022-12-05 21:27:20,630 | INFO | detect: outside, lat: 23.583875, lon: 37.910326, timestamp: 2021-01-09 02:38:28
2022-12-05 21:27:20,632 | INFO | detect: outside, lat: 23.58394, lon: 37.910374, timestamp: 2021-01-09 02:38:29
2022-12-05 21:27:20,634 | INFO | detect: outside, lat: 23.584006, lon: 37.910423, timestamp: 2021-01-09 02:38:30
2022-12-05 21:27:20,637 | INFO | detect: outside, lat: 23.584072, lon: 37.910471, timestamp: 2021-01-09 02:38:31
2022-12-05 21:27:20,650 | INFO | detect: outside, lat: 23.584138, lon: 37.910519, timestamp: 2021-01-09 02:38:32
2022-12-05 21:27:20,655 | INFO | detect: outside, lat: 23.584203, lon: 37.910568, timestamp: 2021-01-09 02:38:33
2022-12-05 21:27:20,658 | INFO | detect: outside, lat: 23.584269, lon: 37.910616, timestamp: 2021-01-09 02:38:34
2022-12-05 21:27:20,660 | INFO | detect: outside, lat: 23.584335, lon: 37.910664, timestamp: 2021-01-09 02:38:35
2022-12-05 21:27:20,662 | INFO | detect: outside, lat: 23.584401, lon: 37.910712, timestamp: 2021-01-09 02:38:36
2022-12-05 21:27:20,664 | INFO | detect: outside, lat: 23.584466, lon: 37.910761, timestamp: 2021-01-09 02:38:37
2022-12-05 21:27:20,666 | INFO | detect: outside, lat: 23.584532, lon: 37.910809, timestamp: 2021-01-09 02:38:38
2022-12-05 21:27:20,668 | INFO | detect: outside, lat: 23.584598, lon: 37.910857, timestamp: 2021-01-09 02:38:39
2022-12-05 21:27:20,672 | INFO | detect: outside, lat: 23.584663, lon: 37.910906, timestamp: 2021-01-09 02:38:40
2022-12-05 21:27:20,676 | INFO | detect: outside, lat: 23.584729, lon: 37.910954, timestamp: 2021-01-09 02:38:41
2022-12-05 21:27:20,679 | INFO | detect: outside, lat: 23.584795, lon: 37.911002, timestamp: 2021-01-09 02:38:42
2022-12-05 21:27:20,680 | INFO | detect: outside, lat: 23.584861, lon: 37.911051, timestamp: 2021-01-09 02:38:43
2022-12-05 21:27:20,682 | INFO | detect: outside, lat: 23.584926, lon: 37.911099, timestamp: 2021-01-09 02:38:44
2022-12-05 21:27:20,683 | INFO | detect: outside, lat: 23.584992, lon: 37.911147, timestamp: 2021-01-09 02:38:45
2022-12-05 21:27:20,685 | INFO | detect: outside, lat: 23.585058, lon: 37.911196, timestamp: 2021-01-09 02:38:46
2022-12-05 21:27:20,687 | INFO | detect: outside, lat: 23.585124, lon: 37.911244, timestamp: 2021-01-09 02:38:47
2022-12-05 21:27:20,690 | INFO | detect: outside, lat: 23.585189, lon: 37.911292, timestamp: 2021-01-09 02:38:48
2022-12-05 21:27:20,694 | INFO | detect: outside, lat: 23.585255, lon: 37.911341, timestamp: 2021-01-09 02:38:49
2022-12-05 21:27:20,697 | INFO | detect: outside, lat: 23.585321, lon: 37.911389, timestamp: 2021-01-09 02:38:50
2022-12-05 21:27:20,700 | INFO | detect: outside, lat: 23.585387, lon: 37.911437, timestamp: 2021-01-09 02:38:51
2022-12-05 21:27:20,703 | INFO | detect: outside, lat: 23.585452, lon: 37.911485, timestamp: 2021-01-09 02:38:52
2022-12-05 21:27:20,705 | INFO | detect: outside, lat: 23.585518, lon: 37.911534, timestamp: 2021-01-09 02:38:53
2022-12-05 21:27:20,707 | INFO | detect: outside, lat: 23.585584, lon: 37.911582, timestamp: 2021-01-09 02:38:54
2022-12-05 21:27:20,709 | INFO | detect: outside, lat: 23.585649, lon: 37.91163, timestamp: 2021-01-09 02:38:55
2022-12-05 21:27:20,713 | INFO | detect: outside, lat: 23.585715, lon: 37.911679, timestamp: 2021-01-09 02:38:56
2022-12-05 21:27:20,716 | INFO | detect: outside, lat: 23.585781, lon: 37.911727, timestamp: 2021-01-09 02:38:57
2022-12-05 21:27:20,720 | INFO | detect: outside, lat: 23.585847, lon: 37.911775, timestamp: 2021-01-09 02:38:58
2022-12-05 21:27:20,724 | INFO | detect: outside, lat: 23.585912, lon: 37.911824, timestamp: 2021-01-09 02:38:59
2022-12-05 21:27:20,727 | INFO | detect: outside, lat: 23.585978, lon: 37.911872, timestamp: 2021-01-09 02:39:00
2022-12-05 21:27:20,730 | INFO | detect: outside, lat: 23.586044, lon: 37.91192, timestamp: 2021-01-09 02:39:01
2022-12-05 21:27:20,731 | INFO | detect: outside, lat: 23.58611, lon: 37.911969, timestamp: 2021-01-09 02:39:02
2022-12-05 21:27:20,733 | INFO | detect: outside, lat: 23.586175, lon: 37.912017, timestamp: 2021-01-09 02:39:03
2022-12-05 21:27:20,735 | INFO | detect: outside, lat: 23.586241, lon: 37.912065, timestamp: 2021-01-09 02:39:04
2022-12-05 21:27:20,736 | INFO | detect: outside, lat: 23.586307, lon: 37.912113, timestamp: 2021-01-09 02:39:05
2022-12-05 21:27:20,738 | INFO | detect: outside, lat: 23.586372, lon: 37.912162, timestamp: 2021-01-09 02:39:06
2022-12-05 21:27:20,740 | INFO | detect: outside, lat: 23.586438, lon: 37.91221, timestamp: 2021-01-09 02:39:07
2022-12-05 21:27:20,741 | INFO | detect: outside, lat: 23.586504, lon: 37.912258, timestamp: 2021-01-09 02:39:08
2022-12-05 21:27:20,743 | INFO | detect: outside, lat: 23.58657, lon: 37.912307, timestamp: 2021-01-09 02:39:09
2022-12-05 21:27:20,745 | INFO | detect: outside, lat: 23.586635, lon: 37.912355, timestamp: 2021-01-09 02:39:10
2022-12-05 21:27:20,746 | INFO | detect: outside, lat: 23.586701, lon: 37.912403, timestamp: 2021-01-09 02:39:11
2022-12-05 21:27:20,749 | INFO | detect: outside, lat: 23.586767, lon: 37.912452, timestamp: 2021-01-09 02:39:12
2022-12-05 21:27:20,753 | INFO | detect: outside, lat: 23.586833, lon: 37.9125, timestamp: 2021-01-09 02:39:13
2022-12-05 21:27:20,755 | INFO | detect: outside, lat: 23.586898, lon: 37.912548, timestamp: 2021-01-09 02:39:14
2022-12-05 21:27:20,757 | INFO | detect: outside, lat: 23.586964, lon: 37.912597, timestamp: 2021-01-09 02:39:15
2022-12-05 21:27:20,759 | INFO | detect: outside, lat: 23.58703, lon: 37.912645, timestamp: 2021-01-09 02:39:16
2022-12-05 21:27:20,760 | INFO | detect: outside, lat: 23.587096, lon: 37.912693, timestamp: 2021-01-09 02:39:17
2022-12-05 21:27:20,762 | INFO | detect: outside, lat: 23.587161, lon: 37.912741, timestamp: 2021-01-09 02:39:18
2022-12-05 21:27:20,764 | INFO | detect: outside, lat: 23.587227, lon: 37.91279, timestamp: 2021-01-09 02:39:19
2022-12-05 21:27:20,766 | INFO | detect: outside, lat: 23.587293, lon: 37.912838, timestamp: 2021-01-09 02:39:20
2022-12-05 21:27:20,770 | INFO | detect: outside, lat: 23.587358, lon: 37.912886, timestamp: 2021-01-09 02:39:21
2022-12-05 21:27:20,771 | INFO | detect: outside, lat: 23.587424, lon: 37.912935, timestamp: 2021-01-09 02:39:22
2022-12-05 21:27:20,774 | INFO | detect: outside, lat: 23.58749, lon: 37.912983, timestamp: 2021-01-09 02:39:23
2022-12-05 21:27:20,776 | INFO | detect: outside, lat: 23.587556, lon: 37.913031, timestamp: 2021-01-09 02:39:24
2022-12-05 21:27:20,777 | INFO | detect: outside, lat: 23.587621, lon: 37.91308, timestamp: 2021-01-09 02:39:25
2022-12-05 21:27:20,779 | INFO | detect: outside, lat: 23.587687, lon: 37.913128, timestamp: 2021-01-09 02:39:26
2022-12-05 21:27:20,780 | INFO | detect: outside, lat: 23.587753, lon: 37.913176, timestamp: 2021-01-09 02:39:27
2022-12-05 21:27:20,782 | INFO | detect: outside, lat: 23.587819, lon: 37.913225, timestamp: 2021-01-09 02:39:28
2022-12-05 21:27:20,783 | INFO | detect: outside, lat: 23.587884, lon: 37.913273, timestamp: 2021-01-09 02:39:29
2022-12-05 21:27:20,784 | INFO | detect: outside, lat: 23.58795, lon: 37.913321, timestamp: 2021-01-09 02:39:30
2022-12-05 21:27:20,786 | INFO | detect: outside, lat: 23.588016, lon: 37.913369, timestamp: 2021-01-09 02:39:31
2022-12-05 21:27:20,795 | INFO | detect: outside, lat: 23.588081, lon: 37.913418, timestamp: 2021-01-09 02:39:32
2022-12-05 21:27:20,796 | INFO | detect: outside, lat: 23.588147, lon: 37.913466, timestamp: 2021-01-09 02:39:33
2022-12-05 21:27:20,798 | INFO | detect: outside, lat: 23.588213, lon: 37.913514, timestamp: 2021-01-09 02:39:34
2022-12-05 21:27:20,800 | INFO | detect: outside, lat: 23.588279, lon: 37.913563, timestamp: 2021-01-09 02:39:35
2022-12-05 21:27:20,801 | INFO | detect: outside, lat: 23.588344, lon: 37.913611, timestamp: 2021-01-09 02:39:36
2022-12-05 21:27:20,802 | INFO | detect: outside, lat: 23.58841, lon: 37.913659, timestamp: 2021-01-09 02:39:37
2022-12-05 21:27:20,804 | INFO | detect: outside, lat: 23.588476, lon: 37.913708, timestamp: 2021-01-09 02:39:38
2022-12-05 21:27:20,805 | INFO | detect: outside, lat: 23.588542, lon: 37.913756, timestamp: 2021-01-09 02:39:39
2022-12-05 21:27:20,808 | INFO | detect: outside, lat: 23.588607, lon: 37.913804, timestamp: 2021-01-09 02:39:40
2022-12-05 21:27:20,809 | INFO | detect: outside, lat: 23.588673, lon: 37.913853, timestamp: 2021-01-09 02:39:41
2022-12-05 21:27:20,811 | INFO | detect: outside, lat: 23.588739, lon: 37.913901, timestamp: 2021-01-09 02:39:42
2022-12-05 21:27:20,813 | INFO | detect: outside, lat: 23.588805, lon: 37.913949, timestamp: 2021-01-09 02:39:43
2022-12-05 21:27:20,814 | INFO | detect: outside, lat: 23.58887, lon: 37.913997, timestamp: 2021-01-09 02:39:44
2022-12-05 21:27:20,815 | INFO | detect: outside, lat: 23.588936, lon: 37.914046, timestamp: 2021-01-09 02:39:45
2022-12-05 21:27:20,816 | INFO | detect: outside, lat: 23.589002, lon: 37.914094, timestamp: 2021-01-09 02:39:46
2022-12-05 21:27:20,818 | INFO | detect: outside, lat: 23.589067, lon: 37.914142, timestamp: 2021-01-09 02:39:47
2022-12-05 21:27:20,819 | INFO | detect: outside, lat: 23.589133, lon: 37.914191, timestamp: 2021-01-09 02:39:48
2022-12-05 21:27:20,820 | INFO | detect: outside, lat: 23.589199, lon: 37.914239, timestamp: 2021-01-09 02:39:49
2022-12-05 21:27:20,821 | INFO | detect: outside, lat: 23.589265, lon: 37.914287, timestamp: 2021-01-09 02:39:50
2022-12-05 21:27:20,822 | INFO | detect: outside, lat: 23.58933, lon: 37.914336, timestamp: 2021-01-09 02:39:51
2022-12-05 21:27:20,823 | INFO | detect: outside, lat: 23.589396, lon: 37.914384, timestamp: 2021-01-09 02:39:52
2022-12-05 21:27:20,824 | INFO | detect: outside, lat: 23.589462, lon: 37.914432, timestamp: 2021-01-09 02:39:53
2022-12-05 21:27:20,825 | INFO | detect: outside, lat: 23.589528, lon: 37.91448, timestamp: 2021-01-09 02:39:54
2022-12-05 21:27:20,826 | INFO | detect: outside, lat: 23.589593, lon: 37.914529, timestamp: 2021-01-09 02:39:55
2022-12-05 21:27:20,827 | INFO | detect: outside, lat: 23.589659, lon: 37.914577, timestamp: 2021-01-09 02:39:56
2022-12-05 21:27:20,828 | INFO | detect: outside, lat: 23.589725, lon: 37.914625, timestamp: 2021-01-09 02:39:57
2022-12-05 21:27:20,830 | INFO | detect: outside, lat: 23.58979, lon: 37.914674, timestamp: 2021-01-09 02:39:58
2022-12-05 21:27:20,831 | INFO | detect: outside, lat: 23.589856, lon: 37.914722, timestamp: 2021-01-09 02:39:59
2022-12-05 21:27:20,832 | INFO | detect: outside, lat: 23.589922, lon: 37.91477, timestamp: 2021-01-09 02:40:00
2022-12-05 21:27:20,834 | INFO | detect: outside, lat: 23.589988, lon: 37.914819, timestamp: 2021-01-09 02:40:01
2022-12-05 21:27:20,835 | INFO | detect: outside, lat: 23.590053, lon: 37.914867, timestamp: 2021-01-09 02:40:02
2022-12-05 21:27:20,837 | INFO | detect: outside, lat: 23.590119, lon: 37.914915, timestamp: 2021-01-09 02:40:03
2022-12-05 21:27:20,838 | INFO | detect: outside, lat: 23.590185, lon: 37.914964, timestamp: 2021-01-09 02:40:04
2022-12-05 21:27:20,839 | INFO | detect: outside, lat: 23.590251, lon: 37.915012, timestamp: 2021-01-09 02:40:05
2022-12-05 21:27:20,840 | INFO | detect: outside, lat: 23.590316, lon: 37.91506, timestamp: 2021-01-09 02:40:06
2022-12-05 21:27:20,841 | INFO | detect: outside, lat: 23.590382, lon: 37.915108, timestamp: 2021-01-09 02:40:07
2022-12-05 21:27:20,842 | INFO | detect: outside, lat: 23.590448, lon: 37.915157, timestamp: 2021-01-09 02:40:08
2022-12-05 21:27:20,844 | INFO | detect: outside, lat: 23.590513, lon: 37.915205, timestamp: 2021-01-09 02:40:09
2022-12-05 21:27:20,845 | INFO | detect: outside, lat: 23.590579, lon: 37.915253, timestamp: 2021-01-09 02:40:10
2022-12-05 21:27:20,846 | INFO | detect: outside, lat: 23.590645, lon: 37.915302, timestamp: 2021-01-09 02:40:11
2022-12-05 21:27:20,847 | INFO | detect: outside, lat: 23.590711, lon: 37.91535, timestamp: 2021-01-09 02:40:12
2022-12-05 21:27:20,848 | INFO | detect: outside, lat: 23.590776, lon: 37.915398, timestamp: 2021-01-09 02:40:13
2022-12-05 21:27:20,849 | INFO | detect: outside, lat: 23.590842, lon: 37.915447, timestamp: 2021-01-09 02:40:14
2022-12-05 21:27:20,851 | INFO | detect: outside, lat: 23.590908, lon: 37.915495, timestamp: 2021-01-09 02:40:15
2022-12-05 21:27:20,852 | INFO | detect: outside, lat: 23.590974, lon: 37.915543, timestamp: 2021-01-09 02:40:16
2022-12-05 21:27:20,854 | INFO | detect: outside, lat: 23.591039, lon: 37.915592, timestamp: 2021-01-09 02:40:17
2022-12-05 21:27:20,855 | INFO | detect: outside, lat: 23.591105, lon: 37.91564, timestamp: 2021-01-09 02:40:18
2022-12-05 21:27:20,856 | INFO | detect: outside, lat: 23.591171, lon: 37.915688, timestamp: 2021-01-09 02:40:19
2022-12-05 21:27:20,857 | INFO | detect: outside, lat: 23.591237, lon: 37.915736, timestamp: 2021-01-09 02:40:20
2022-12-05 21:27:20,858 | INFO | detect: outside, lat: 23.591302, lon: 37.915785, timestamp: 2021-01-09 02:40:21
2022-12-05 21:27:20,860 | INFO | detect: outside, lat: 23.591368, lon: 37.915833, timestamp: 2021-01-09 02:40:22
2022-12-05 21:27:20,861 | INFO | detect: outside, lat: 23.591434, lon: 37.915881, timestamp: 2021-01-09 02:40:23
2022-12-05 21:27:20,862 | INFO | detect: outside, lat: 23.591499, lon: 37.91593, timestamp: 2021-01-09 02:40:24
2022-12-05 21:27:20,863 | INFO | detect: outside, lat: 23.591565, lon: 37.915978, timestamp: 2021-01-09 02:40:25
2022-12-05 21:27:20,864 | INFO | detect: outside, lat: 23.591631, lon: 37.916026, timestamp: 2021-01-09 02:40:26
2022-12-05 21:27:20,872 | INFO | detect: outside, lat: 23.591697, lon: 37.916075, timestamp: 2021-01-09 02:40:27
2022-12-05 21:27:20,874 | INFO | detect: outside, lat: 23.591762, lon: 37.916123, timestamp: 2021-01-09 02:40:28
2022-12-05 21:27:20,876 | INFO | detect: outside, lat: 23.591828, lon: 37.916171, timestamp: 2021-01-09 02:40:29
2022-12-05 21:27:20,877 | INFO | detect: outside, lat: 23.591894, lon: 37.91622, timestamp: 2021-01-09 02:40:30
2022-12-05 21:27:20,879 | INFO | detect: outside, lat: 23.59196, lon: 37.916268, timestamp: 2021-01-09 02:40:31
2022-12-05 21:27:20,880 | INFO | detect: outside, lat: 23.592025, lon: 37.916316, timestamp: 2021-01-09 02:40:32
2022-12-05 21:27:20,881 | INFO | detect: outside, lat: 23.592091, lon: 37.916364, timestamp: 2021-01-09 02:40:33
2022-12-05 21:27:20,883 | INFO | detect: outside, lat: 23.592157, lon: 37.916413, timestamp: 2021-01-09 02:40:34
2022-12-05 21:27:20,884 | INFO | detect: outside, lat: 23.592222, lon: 37.916461, timestamp: 2021-01-09 02:40:35
2022-12-05 21:27:20,885 | INFO | detect: outside, lat: 23.592288, lon: 37.916509, timestamp: 2021-01-09 02:40:36
2022-12-05 21:27:20,886 | INFO | detect: outside, lat: 23.592354, lon: 37.916558, timestamp: 2021-01-09 02:40:37
2022-12-05 21:27:20,887 | INFO | detect: outside, lat: 23.59242, lon: 37.916606, timestamp: 2021-01-09 02:40:38
2022-12-05 21:27:20,889 | INFO | detect: outside, lat: 23.592485, lon: 37.916654, timestamp: 2021-01-09 02:40:39
2022-12-05 21:27:20,891 | INFO | detect: outside, lat: 23.592551, lon: 37.916703, timestamp: 2021-01-09 02:40:40
2022-12-05 21:27:20,894 | INFO | detect: outside, lat: 23.592617, lon: 37.916751, timestamp: 2021-01-09 02:40:41
2022-12-05 21:27:20,896 | INFO | detect: outside, lat: 23.592683, lon: 37.916799, timestamp: 2021-01-09 02:40:42
2022-12-05 21:27:20,897 | INFO | detect: outside, lat: 23.592748, lon: 37.916847, timestamp: 2021-01-09 02:40:43
2022-12-05 21:27:20,898 | INFO | detect: outside, lat: 23.592814, lon: 37.916896, timestamp: 2021-01-09 02:40:44
2022-12-05 21:27:20,900 | INFO | detect: outside, lat: 23.59288, lon: 37.916944, timestamp: 2021-01-09 02:40:45
2022-12-05 21:27:20,901 | INFO | detect: outside, lat: 23.592946, lon: 37.916992, timestamp: 2021-01-09 02:40:46
2022-12-05 21:27:20,902 | INFO | detect: outside, lat: 23.593011, lon: 37.917041, timestamp: 2021-01-09 02:40:47
2022-12-05 21:27:20,903 | INFO | detect: outside, lat: 23.593077, lon: 37.917089, timestamp: 2021-01-09 02:40:48
2022-12-05 21:27:20,905 | INFO | detect: outside, lat: 23.593143, lon: 37.917137, timestamp: 2021-01-09 02:40:49
2022-12-05 21:27:20,906 | INFO | detect: outside, lat: 23.593208, lon: 37.917186, timestamp: 2021-01-09 02:40:50
2022-12-05 21:27:20,908 | INFO | detect: outside, lat: 23.593274, lon: 37.917234, timestamp: 2021-01-09 02:40:51
2022-12-05 21:27:20,910 | INFO | detect: outside, lat: 23.59334, lon: 37.917282, timestamp: 2021-01-09 02:40:52
2022-12-05 21:27:20,911 | INFO | detect: outside, lat: 23.593406, lon: 37.917331, timestamp: 2021-01-09 02:40:53
2022-12-05 21:27:20,912 | INFO | detect: outside, lat: 23.593471, lon: 37.917379, timestamp: 2021-01-09 02:40:54
2022-12-05 21:27:20,914 | INFO | detect: outside, lat: 23.593537, lon: 37.917427, timestamp: 2021-01-09 02:40:55
2022-12-05 21:27:20,915 | INFO | detect: outside, lat: 23.593603, lon: 37.917475, timestamp: 2021-01-09 02:40:56
2022-12-05 21:27:20,917 | INFO | detect: outside, lat: 23.593669, lon: 37.917524, timestamp: 2021-01-09 02:40:57
2022-12-05 21:27:20,918 | INFO | detect: outside, lat: 23.593734, lon: 37.917572, timestamp: 2021-01-09 02:40:58
2022-12-05 21:27:20,919 | INFO | detect: outside, lat: 23.5938, lon: 37.91762, timestamp: 2021-01-09 02:40:59
2022-12-05 21:27:20,920 | INFO | detect: outside, lat: 23.593866, lon: 37.917669, timestamp: 2021-01-09 02:41:00
2022-12-05 21:27:20,921 | INFO | detect: outside, lat: 23.593931, lon: 37.917717, timestamp: 2021-01-09 02:41:01
2022-12-05 21:27:20,922 | INFO | detect: outside, lat: 23.593997, lon: 37.917765, timestamp: 2021-01-09 02:41:02
2022-12-05 21:27:20,923 | INFO | detect: outside, lat: 23.594063, lon: 37.917814, timestamp: 2021-01-09 02:41:03
2022-12-05 21:27:20,924 | INFO | detect: outside, lat: 23.594129, lon: 37.917862, timestamp: 2021-01-09 02:41:04
2022-12-05 21:27:20,925 | INFO | detect: outside, lat: 23.594194, lon: 37.91791, timestamp: 2021-01-09 02:41:05
2022-12-05 21:27:20,926 | INFO | detect: outside, lat: 23.59426, lon: 37.917958, timestamp: 2021-01-09 02:41:06
2022-12-05 21:27:20,928 | INFO | detect: outside, lat: 23.594326, lon: 37.918007, timestamp: 2021-01-09 02:41:07
2022-12-05 21:27:20,930 | INFO | detect: outside, lat: 23.594392, lon: 37.918055, timestamp: 2021-01-09 02:41:08
2022-12-05 21:27:20,931 | INFO | detect: outside, lat: 23.594457, lon: 37.918103, timestamp: 2021-01-09 02:41:09
2022-12-05 21:27:20,932 | INFO | detect: outside, lat: 23.594523, lon: 37.918152, timestamp: 2021-01-09 02:41:10
2022-12-05 21:27:20,933 | INFO | detect: outside, lat: 23.594589, lon: 37.9182, timestamp: 2021-01-09 02:41:11
2022-12-05 21:27:20,935 | INFO | detect: outside, lat: 23.594655, lon: 37.918248, timestamp: 2021-01-09 02:41:12
2022-12-05 21:27:20,936 | INFO | detect: outside, lat: 23.59472, lon: 37.918297, timestamp: 2021-01-09 02:41:13
2022-12-05 21:27:20,937 | INFO | detect: outside, lat: 23.594786, lon: 37.918345, timestamp: 2021-01-09 02:41:14
2022-12-05 21:27:20,938 | INFO | detect: outside, lat: 23.594852, lon: 37.918393, timestamp: 2021-01-09 02:41:15
2022-12-05 21:27:20,940 | INFO | detect: outside, lat: 23.594917, lon: 37.918442, timestamp: 2021-01-09 02:41:16
2022-12-05 21:27:20,941 | INFO | detect: outside, lat: 23.594983, lon: 37.91849, timestamp: 2021-01-09 02:41:17
2022-12-05 21:27:20,942 | INFO | detect: outside, lat: 23.595049, lon: 37.918538, timestamp: 2021-01-09 02:41:18
2022-12-05 21:27:20,943 | INFO | detect: outside, lat: 23.595115, lon: 37.918586, timestamp: 2021-01-09 02:41:19
2022-12-05 21:27:20,945 | INFO | detect: outside, lat: 23.59518, lon: 37.918635, timestamp: 2021-01-09 02:41:20
2022-12-05 21:27:20,946 | INFO | detect: outside, lat: 23.595246, lon: 37.918683, timestamp: 2021-01-09 02:41:21
2022-12-05 21:27:20,947 | INFO | detect: outside, lat: 23.595312, lon: 37.918731, timestamp: 2021-01-09 02:41:22
2022-12-05 21:27:20,949 | INFO | detect: outside, lat: 23.595378, lon: 37.91878, timestamp: 2021-01-09 02:41:23
2022-12-05 21:27:20,950 | INFO | detect: outside, lat: 23.595443, lon: 37.918828, timestamp: 2021-01-09 02:41:24
2022-12-05 21:27:20,951 | INFO | detect: outside, lat: 23.595509, lon: 37.918876, timestamp: 2021-01-09 02:41:25
2022-12-05 21:27:20,953 | INFO | detect: outside, lat: 23.595575, lon: 37.918925, timestamp: 2021-01-09 02:41:26
2022-12-05 21:27:20,954 | INFO | detect: outside, lat: 23.59564, lon: 37.918973, timestamp: 2021-01-09 02:41:27
2022-12-05 21:27:20,955 | INFO | detect: outside, lat: 23.595706, lon: 37.919021, timestamp: 2021-01-09 02:41:28
2022-12-05 21:27:20,957 | INFO | detect: outside, lat: 23.595772, lon: 37.919069, timestamp: 2021-01-09 02:41:29
2022-12-05 21:27:20,958 | INFO | detect: outside, lat: 23.595838, lon: 37.919118, timestamp: 2021-01-09 02:41:30
2022-12-05 21:27:20,959 | INFO | detect: outside, lat: 23.595903, lon: 37.919166, timestamp: 2021-01-09 02:41:31
2022-12-05 21:27:20,960 | INFO | detect: outside, lat: 23.595969, lon: 37.919214, timestamp: 2021-01-09 02:41:32
2022-12-05 21:27:20,961 | INFO | detect: outside, lat: 23.596035, lon: 37.919263, timestamp: 2021-01-09 02:41:33
2022-12-05 21:27:20,962 | INFO | detect: outside, lat: 23.596101, lon: 37.919311, timestamp: 2021-01-09 02:41:34
2022-12-05 21:27:20,964 | INFO | detect: outside, lat: 23.596166, lon: 37.919359, timestamp: 2021-01-09 02:41:35
2022-12-05 21:27:20,965 | INFO | detect: outside, lat: 23.596232, lon: 37.919408, timestamp: 2021-01-09 02:41:36
2022-12-05 21:27:20,966 | INFO | detect: outside, lat: 23.596298, lon: 37.919456, timestamp: 2021-01-09 02:41:37
2022-12-05 21:27:20,967 | INFO | detect: outside, lat: 23.596364, lon: 37.919504, timestamp: 2021-01-09 02:41:38
2022-12-05 21:27:20,968 | INFO | detect: outside, lat: 23.596429, lon: 37.919553, timestamp: 2021-01-09 02:41:39
2022-12-05 21:27:20,970 | INFO | detect: outside, lat: 23.596495, lon: 37.919601, timestamp: 2021-01-09 02:41:40
2022-12-05 21:27:20,971 | INFO | detect: outside, lat: 23.596561, lon: 37.919649, timestamp: 2021-01-09 02:41:41
2022-12-05 21:27:20,972 | INFO | detect: outside, lat: 23.596626, lon: 37.919697, timestamp: 2021-01-09 02:41:42
2022-12-05 21:27:20,974 | INFO | detect: outside, lat: 23.596692, lon: 37.919746, timestamp: 2021-01-09 02:41:43
2022-12-05 21:27:20,975 | INFO | detect: outside, lat: 23.596758, lon: 37.919794, timestamp: 2021-01-09 02:41:44
2022-12-05 21:27:20,976 | INFO | detect: outside, lat: 23.596824, lon: 37.919842, timestamp: 2021-01-09 02:41:45
2022-12-05 21:27:20,977 | INFO | detect: outside, lat: 23.596889, lon: 37.919891, timestamp: 2021-01-09 02:41:46
2022-12-05 21:27:20,978 | INFO | detect: outside, lat: 23.596955, lon: 37.919939, timestamp: 2021-01-09 02:41:47
2022-12-05 21:27:20,980 | INFO | detect: outside, lat: 23.597021, lon: 37.919987, timestamp: 2021-01-09 02:41:48
2022-12-05 21:27:20,981 | INFO | detect: outside, lat: 23.597087, lon: 37.920036, timestamp: 2021-01-09 02:41:49
2022-12-05 21:27:20,982 | INFO | detect: outside, lat: 23.597152, lon: 37.920084, timestamp: 2021-01-09 02:41:50
2022-12-05 21:27:20,983 | INFO | detect: outside, lat: 23.597218, lon: 37.920132, timestamp: 2021-01-09 02:41:51
2022-12-05 21:27:20,984 | INFO | detect: outside, lat: 23.597284, lon: 37.92018, timestamp: 2021-01-09 02:41:52
2022-12-05 21:27:20,986 | INFO | detect: outside, lat: 23.597349, lon: 37.920229, timestamp: 2021-01-09 02:41:53
2022-12-05 21:27:20,987 | INFO | detect: outside, lat: 23.597415, lon: 37.920277, timestamp: 2021-01-09 02:41:54
2022-12-05 21:27:20,988 | INFO | detect: outside, lat: 23.597481, lon: 37.920325, timestamp: 2021-01-09 02:41:55
2022-12-05 21:27:20,990 | INFO | detect: outside, lat: 23.597547, lon: 37.920374, timestamp: 2021-01-09 02:41:56
2022-12-05 21:27:20,991 | INFO | detect: outside, lat: 23.597612, lon: 37.920422, timestamp: 2021-01-09 02:41:57
2022-12-05 21:27:20,993 | INFO | detect: outside, lat: 23.597678, lon: 37.92047, timestamp: 2021-01-09 02:41:58
2022-12-05 21:27:20,994 | INFO | detect: outside, lat: 23.597744, lon: 37.920519, timestamp: 2021-01-09 02:41:59
2022-12-05 21:27:20,995 | INFO | detect: outside, lat: 23.59781, lon: 37.920567, timestamp: 2021-01-09 02:42:00
2022-12-05 21:27:20,996 | INFO | detect: outside, lat: 23.597875, lon: 37.920615, timestamp: 2021-01-09 02:42:01
2022-12-05 21:27:20,998 | INFO | detect: outside, lat: 23.597941, lon: 37.920663, timestamp: 2021-01-09 02:42:02
2022-12-05 21:27:20,999 | INFO | detect: outside, lat: 23.598007, lon: 37.920712, timestamp: 2021-01-09 02:42:03
2022-12-05 21:27:21,000 | INFO | detect: outside, lat: 23.598073, lon: 37.92076, timestamp: 2021-01-09 02:42:04
2022-12-05 21:27:21,001 | INFO | detect: outside, lat: 23.598138, lon: 37.920808, timestamp: 2021-01-09 02:42:05
2022-12-05 21:27:21,002 | INFO | detect: outside, lat: 23.598204, lon: 37.920857, timestamp: 2021-01-09 02:42:06
2022-12-05 21:27:21,003 | INFO | detect: outside, lat: 23.59827, lon: 37.920905, timestamp: 2021-01-09 02:42:07
2022-12-05 21:27:21,005 | INFO | detect: outside, lat: 23.598335, lon: 37.920953, timestamp: 2021-01-09 02:42:08
2022-12-05 21:27:21,006 | INFO | detect: outside, lat: 23.598401, lon: 37.921002, timestamp: 2021-01-09 02:42:09
2022-12-05 21:27:21,007 | INFO | detect: outside, lat: 23.598467, lon: 37.92105, timestamp: 2021-01-09 02:42:10
2022-12-05 21:27:21,008 | INFO | detect: outside, lat: 23.598533, lon: 37.921098, timestamp: 2021-01-09 02:42:11
2022-12-05 21:27:21,010 | INFO | detect: outside, lat: 23.598598, lon: 37.921146, timestamp: 2021-01-09 02:42:12
2022-12-05 21:27:21,011 | INFO | detect: outside, lat: 23.598664, lon: 37.921195, timestamp: 2021-01-09 02:42:13
2022-12-05 21:27:21,013 | INFO | detect: outside, lat: 23.59873, lon: 37.921243, timestamp: 2021-01-09 02:42:14
2022-12-05 21:27:21,014 | INFO | detect: outside, lat: 23.598796, lon: 37.921291, timestamp: 2021-01-09 02:42:15
2022-12-05 21:27:21,015 | INFO | detect: outside, lat: 23.598861, lon: 37.92134, timestamp: 2021-01-09 02:42:16
2022-12-05 21:27:21,017 | INFO | detect: outside, lat: 23.598927, lon: 37.921388, timestamp: 2021-01-09 02:42:17
2022-12-05 21:27:21,018 | INFO | detect: outside, lat: 23.598993, lon: 37.921436, timestamp: 2021-01-09 02:42:18
2022-12-05 21:27:21,019 | INFO | detect: outside, lat: 23.599058, lon: 37.921485, timestamp: 2021-01-09 02:42:19
2022-12-05 21:27:21,020 | INFO | detect: outside, lat: 23.599124, lon: 37.921533, timestamp: 2021-01-09 02:42:20
2022-12-05 21:27:21,021 | INFO | detect: outside, lat: 23.59919, lon: 37.921581, timestamp: 2021-01-09 02:42:21
2022-12-05 21:27:21,023 | INFO | detect: outside, lat: 23.599256, lon: 37.92163, timestamp: 2021-01-09 02:42:22
2022-12-05 21:27:21,024 | INFO | detect: outside, lat: 23.599321, lon: 37.921678, timestamp: 2021-01-09 02:42:23
2022-12-05 21:27:21,025 | INFO | detect: outside, lat: 23.599387, lon: 37.921726, timestamp: 2021-01-09 02:42:24
2022-12-05 21:27:21,026 | INFO | detect: enter, lat: 23.599453, lon: 37.921774, timestamp: 2021-01-09 02:42:25
2022-12-05 21:27:21,027 | INFO | detect: inside, lat: 23.599453, lon: 37.921774, timestamp: 2021-01-09 02:42:25
2022-12-05 21:27:21,028 | INFO | detect: inside, lat: 23.599519, lon: 37.921823, timestamp: 2021-01-09 02:42:26
2022-12-05 21:27:21,029 | INFO | detect: inside, lat: 23.599584, lon: 37.921871, timestamp: 2021-01-09 02:42:27
2022-12-05 21:27:21,031 | INFO | detect: inside, lat: 23.59965, lon: 37.921919, timestamp: 2021-01-09 02:42:28
2022-12-05 21:27:21,033 | INFO | detect: inside, lat: 23.599716, lon: 37.921968, timestamp: 2021-01-09 02:42:29
2022-12-05 21:27:21,034 | INFO | detect: inside, lat: 23.599782, lon: 37.922016, timestamp: 2021-01-09 02:42:30
2022-12-05 21:27:21,035 | INFO | detect: inside, lat: 23.599847, lon: 37.922064, timestamp: 2021-01-09 02:42:31
2022-12-05 21:27:21,037 | INFO | detect: inside, lat: 23.599913, lon: 37.922113, timestamp: 2021-01-09 02:42:32
2022-12-05 21:27:21,038 | INFO | detect: inside, lat: 23.599979, lon: 37.922161, timestamp: 2021-01-09 02:42:33
2022-12-05 21:27:21,039 | INFO | detect: inside, lat: 23.600044, lon: 37.922209, timestamp: 2021-01-09 02:42:34
2022-12-05 21:27:21,040 | INFO | detect: inside, lat: 23.60011, lon: 37.922257, timestamp: 2021-01-09 02:42:35
2022-12-05 21:27:21,041 | INFO | detect: inside, lat: 23.600176, lon: 37.922306, timestamp: 2021-01-09 02:42:36
2022-12-05 21:27:21,043 | INFO | detect: inside, lat: 23.600242, lon: 37.922354, timestamp: 2021-01-09 02:42:37
2022-12-05 21:27:21,044 | INFO | detect: inside, lat: 23.600307, lon: 37.922402, timestamp: 2021-01-09 02:42:38
2022-12-05 21:27:21,045 | INFO | detect: inside, lat: 23.600373, lon: 37.922451, timestamp: 2021-01-09 02:42:39
2022-12-05 21:27:21,046 | INFO | detect: inside, lat: 23.600439, lon: 37.922499, timestamp: 2021-01-09 02:42:40
2022-12-05 21:27:21,047 | INFO | detect: inside, lat: 23.600505, lon: 37.922547, timestamp: 2021-01-09 02:42:41
2022-12-05 21:27:21,048 | INFO | detect: inside, lat: 23.60057, lon: 37.922596, timestamp: 2021-01-09 02:42:42
2022-12-05 21:27:21,050 | INFO | detect: inside, lat: 23.600636, lon: 37.922644, timestamp: 2021-01-09 02:42:43
2022-12-05 21:27:21,051 | INFO | detect: inside, lat: 23.600702, lon: 37.922692, timestamp: 2021-01-09 02:42:44
2022-12-05 21:27:21,053 | INFO | detect: inside, lat: 23.600767, lon: 37.92274, timestamp: 2021-01-09 02:42:45
2022-12-05 21:27:21,054 | INFO | detect: inside, lat: 23.600833, lon: 37.922789, timestamp: 2021-01-09 02:42:46
2022-12-05 21:27:21,055 | INFO | detect: inside, lat: 23.600899, lon: 37.922837, timestamp: 2021-01-09 02:42:47
2022-12-05 21:27:21,056 | INFO | detect: inside, lat: 23.600965, lon: 37.922885, timestamp: 2021-01-09 02:42:48
2022-12-05 21:27:21,058 | INFO | detect: inside, lat: 23.60103, lon: 37.922934, timestamp: 2021-01-09 02:42:49
2022-12-05 21:27:21,059 | INFO | detect: inside, lat: 23.601096, lon: 37.922982, timestamp: 2021-01-09 02:42:50
2022-12-05 21:27:21,060 | INFO | detect: inside, lat: 23.601162, lon: 37.92303, timestamp: 2021-01-09 02:42:51
2022-12-05 21:27:21,061 | INFO | detect: inside, lat: 23.601228, lon: 37.923079, timestamp: 2021-01-09 02:42:52
2022-12-05 21:27:21,062 | INFO | detect: inside, lat: 23.601293, lon: 37.923127, timestamp: 2021-01-09 02:42:53
2022-12-05 21:27:21,063 | INFO | detect: inside, lat: 23.601359, lon: 37.923175, timestamp: 2021-01-09 02:42:54
2022-12-05 21:27:21,064 | INFO | detect: inside, lat: 23.601425, lon: 37.923223, timestamp: 2021-01-09 02:42:55
2022-12-05 21:27:21,065 | INFO | detect: inside, lat: 23.601491, lon: 37.923272, timestamp: 2021-01-09 02:42:56
2022-12-05 21:27:21,067 | INFO | detect: inside, lat: 23.601556, lon: 37.92332, timestamp: 2021-01-09 02:42:57
2022-12-05 21:27:21,068 | INFO | detect: inside, lat: 23.601622, lon: 37.923368, timestamp: 2021-01-09 02:42:58
2022-12-05 21:27:21,069 | INFO | detect: inside, lat: 23.601688, lon: 37.923417, timestamp: 2021-01-09 02:42:59
2022-12-05 21:27:21,071 | INFO | detect: inside, lat: 23.601753, lon: 37.923465, timestamp: 2021-01-09 02:43:00
2022-12-05 21:27:21,072 | INFO | detect: inside, lat: 23.601819, lon: 37.923513, timestamp: 2021-01-09 02:43:01
2022-12-05 21:27:21,073 | INFO | detect: inside, lat: 23.601885, lon: 37.923562, timestamp: 2021-01-09 02:43:02
2022-12-05 21:27:21,075 | INFO | detect: inside, lat: 23.601951, lon: 37.92361, timestamp: 2021-01-09 02:43:03
2022-12-05 21:27:21,076 | INFO | detect: inside, lat: 23.602016, lon: 37.923658, timestamp: 2021-01-09 02:43:04
2022-12-05 21:27:21,077 | INFO | detect: inside, lat: 23.602082, lon: 37.923706, timestamp: 2021-01-09 02:43:05
2022-12-05 21:27:21,078 | INFO | detect: inside, lat: 23.602148, lon: 37.923755, timestamp: 2021-01-09 02:43:06
2022-12-05 21:27:21,079 | INFO | detect: inside, lat: 23.602214, lon: 37.923803, timestamp: 2021-01-09 02:43:07
2022-12-05 21:27:21,081 | INFO | detect: inside, lat: 23.602279, lon: 37.923851, timestamp: 2021-01-09 02:43:08
2022-12-05 21:27:21,082 | INFO | detect: inside, lat: 23.602345, lon: 37.9239, timestamp: 2021-01-09 02:43:09
2022-12-05 21:27:21,083 | INFO | detect: inside, lat: 23.602411, lon: 37.923948, timestamp: 2021-01-09 02:43:10
2022-12-05 21:27:21,084 | INFO | detect: inside, lat: 23.602476, lon: 37.923996, timestamp: 2021-01-09 02:43:11
2022-12-05 21:27:21,086 | INFO | detect: inside, lat: 23.602542, lon: 37.924045, timestamp: 2021-01-09 02:43:12
2022-12-05 21:27:21,087 | INFO | detect: inside, lat: 23.602608, lon: 37.924093, timestamp: 2021-01-09 02:43:13
2022-12-05 21:27:21,089 | INFO | detect: inside, lat: 23.602674, lon: 37.924141, timestamp: 2021-01-09 02:43:14
2022-12-05 21:27:21,091 | INFO | detect: inside, lat: 23.602739, lon: 37.924189, timestamp: 2021-01-09 02:43:15
2022-12-05 21:27:21,093 | INFO | detect: inside, lat: 23.602805, lon: 37.924238, timestamp: 2021-01-09 02:43:16
2022-12-05 21:27:21,094 | INFO | detect: inside, lat: 23.602871, lon: 37.924286, timestamp: 2021-01-09 02:43:17
2022-12-05 21:27:21,096 | INFO | detect: inside, lat: 23.602937, lon: 37.924334, timestamp: 2021-01-09 02:43:18
2022-12-05 21:27:21,098 | INFO | detect: inside, lat: 23.603002, lon: 37.924383, timestamp: 2021-01-09 02:43:19
2022-12-05 21:27:21,099 | INFO | detect: inside, lat: 23.603068, lon: 37.924431, timestamp: 2021-01-09 02:43:20
2022-12-05 21:27:21,101 | INFO | detect: inside, lat: 23.603134, lon: 37.924479, timestamp: 2021-01-09 02:43:21
2022-12-05 21:27:21,102 | INFO | detect: inside, lat: 23.6032, lon: 37.924528, timestamp: 2021-01-09 02:43:22
2022-12-05 21:27:21,104 | INFO | detect: inside, lat: 23.603265, lon: 37.924576, timestamp: 2021-01-09 02:43:23
2022-12-05 21:27:21,105 | INFO | detect: inside, lat: 23.603331, lon: 37.924624, timestamp: 2021-01-09 02:43:24
2022-12-05 21:27:21,107 | INFO | detect: inside, lat: 23.603397, lon: 37.924672, timestamp: 2021-01-09 02:43:25
2022-12-05 21:27:21,108 | INFO | detect: inside, lat: 23.603462, lon: 37.924721, timestamp: 2021-01-09 02:43:26
2022-12-05 21:27:21,110 | INFO | detect: inside, lat: 23.603528, lon: 37.924769, timestamp: 2021-01-09 02:43:27
2022-12-05 21:27:21,112 | INFO | detect: inside, lat: 23.603594, lon: 37.924817, timestamp: 2021-01-09 02:43:28
2022-12-05 21:27:21,113 | INFO | detect: inside, lat: 23.60366, lon: 37.924866, timestamp: 2021-01-09 02:43:29
2022-12-05 21:27:21,115 | INFO | detect: inside, lat: 23.603725, lon: 37.924914, timestamp: 2021-01-09 02:43:30
2022-12-05 21:27:21,116 | INFO | detect: inside, lat: 23.603791, lon: 37.924962, timestamp: 2021-01-09 02:43:31
2022-12-05 21:27:21,118 | INFO | detect: inside, lat: 23.603857, lon: 37.925011, timestamp: 2021-01-09 02:43:32
2022-12-05 21:27:21,119 | INFO | detect: inside, lat: 23.603923, lon: 37.925059, timestamp: 2021-01-09 02:43:33
2022-12-05 21:27:21,121 | INFO | detect: inside, lat: 23.603988, lon: 37.925107, timestamp: 2021-01-09 02:43:34
2022-12-05 21:27:21,123 | INFO | detect: inside, lat: 23.604054, lon: 37.925155, timestamp: 2021-01-09 02:43:35
2022-12-05 21:27:21,124 | INFO | detect: inside, lat: 23.60412, lon: 37.925204, timestamp: 2021-01-09 02:43:36
2022-12-05 21:27:21,126 | INFO | detect: inside, lat: 23.604185, lon: 37.925252, timestamp: 2021-01-09 02:43:37
2022-12-05 21:27:21,127 | INFO | detect: inside, lat: 23.604251, lon: 37.9253, timestamp: 2021-01-09 02:43:38
2022-12-05 21:27:21,129 | INFO | detect: inside, lat: 23.604317, lon: 37.925349, timestamp: 2021-01-09 02:43:39
2022-12-05 21:27:21,131 | INFO | detect: inside, lat: 23.604383, lon: 37.925397, timestamp: 2021-01-09 02:43:40
2022-12-05 21:27:21,132 | INFO | detect: inside, lat: 23.604448, lon: 37.925445, timestamp: 2021-01-09 02:43:41
2022-12-05 21:27:21,134 | INFO | detect: inside, lat: 23.604514, lon: 37.925494, timestamp: 2021-01-09 02:43:42
2022-12-05 21:27:21,136 | INFO | detect: inside, lat: 23.60458, lon: 37.925542, timestamp: 2021-01-09 02:43:43
2022-12-05 21:27:21,137 | INFO | detect: inside, lat: 23.604646, lon: 37.92559, timestamp: 2021-01-09 02:43:44
2022-12-05 21:27:21,139 | INFO | detect: inside, lat: 23.604711, lon: 37.925638, timestamp: 2021-01-09 02:43:45
2022-12-05 21:27:21,141 | INFO | detect: inside, lat: 23.604777, lon: 37.925687, timestamp: 2021-01-09 02:43:46
2022-12-05 21:27:21,143 | INFO | detect: inside, lat: 23.604843, lon: 37.925735, timestamp: 2021-01-09 02:43:47
2022-12-05 21:27:21,144 | INFO | detect: inside, lat: 23.604909, lon: 37.925783, timestamp: 2021-01-09 02:43:48
2022-12-05 21:27:21,146 | INFO | detect: inside, lat: 23.604974, lon: 37.925832, timestamp: 2021-01-09 02:43:49
2022-12-05 21:27:21,147 | INFO | detect: inside, lat: 23.60504, lon: 37.92588, timestamp: 2021-01-09 02:43:50
2022-12-05 21:27:21,149 | INFO | detect: inside, lat: 23.605106, lon: 37.925928, timestamp: 2021-01-09 02:43:51
2022-12-05 21:27:21,151 | INFO | detect: inside, lat: 23.605171, lon: 37.925977, timestamp: 2021-01-09 02:43:52
2022-12-05 21:27:21,153 | INFO | detect: inside, lat: 23.605237, lon: 37.926025, timestamp: 2021-01-09 02:43:53
2022-12-05 21:27:21,154 | INFO | detect: inside, lat: 23.605303, lon: 37.926073, timestamp: 2021-01-09 02:43:54
2022-12-05 21:27:21,157 | INFO | detect: inside, lat: 23.605369, lon: 37.926121, timestamp: 2021-01-09 02:43:55
2022-12-05 21:27:21,159 | INFO | detect: inside, lat: 23.605434, lon: 37.92617, timestamp: 2021-01-09 02:43:56
2022-12-05 21:27:21,160 | INFO | detect: inside, lat: 23.6055, lon: 37.926218, timestamp: 2021-01-09 02:43:57
2022-12-05 21:27:21,161 | INFO | detect: inside, lat: 23.605566, lon: 37.926266, timestamp: 2021-01-09 02:43:58
2022-12-05 21:27:21,163 | INFO | detect: inside, lat: 23.605632, lon: 37.926315, timestamp: 2021-01-09 02:43:59
2022-12-05 21:27:21,164 | INFO | detect: inside, lat: 23.605697, lon: 37.926363, timestamp: 2021-01-09 02:44:00
2022-12-05 21:27:21,165 | INFO | detect: inside, lat: 23.605763, lon: 37.926411, timestamp: 2021-01-09 02:44:01
2022-12-05 21:27:21,167 | INFO | detect: inside, lat: 23.605829, lon: 37.92646, timestamp: 2021-01-09 02:44:02
2022-12-05 21:27:21,168 | INFO | detect: inside, lat: 23.605894, lon: 37.926508, timestamp: 2021-01-09 02:44:03
2022-12-05 21:27:21,169 | INFO | detect: inside, lat: 23.60596, lon: 37.926556, timestamp: 2021-01-09 02:44:04
2022-12-05 21:27:21,170 | INFO | detect: inside, lat: 23.606026, lon: 37.926604, timestamp: 2021-01-09 02:44:05
2022-12-05 21:27:21,171 | INFO | detect: inside, lat: 23.606092, lon: 37.926653, timestamp: 2021-01-09 02:44:06
2022-12-05 21:27:21,173 | INFO | detect: inside, lat: 23.606157, lon: 37.926701, timestamp: 2021-01-09 02:44:07
2022-12-05 21:27:21,175 | INFO | detect: inside, lat: 23.606223, lon: 37.926749, timestamp: 2021-01-09 02:44:08
2022-12-05 21:27:21,176 | INFO | detect: inside, lat: 23.606289, lon: 37.926798, timestamp: 2021-01-09 02:44:09
2022-12-05 21:27:21,178 | INFO | detect: inside, lat: 23.606355, lon: 37.926846, timestamp: 2021-01-09 02:44:10
2022-12-05 21:27:21,180 | INFO | detect: inside, lat: 23.60642, lon: 37.926894, timestamp: 2021-01-09 02:44:11
2022-12-05 21:27:21,182 | INFO | detect: inside, lat: 23.606486, lon: 37.926943, timestamp: 2021-01-09 02:44:12
2022-12-05 21:27:21,183 | INFO | detect: inside, lat: 23.606552, lon: 37.926991, timestamp: 2021-01-09 02:44:13
2022-12-05 21:27:21,185 | INFO | detect: inside, lat: 23.606618, lon: 37.927039, timestamp: 2021-01-09 02:44:14
2022-12-05 21:27:21,187 | INFO | detect: inside, lat: 23.606683, lon: 37.927087, timestamp: 2021-01-09 02:44:15
2022-12-05 21:27:21,189 | INFO | detect: inside, lat: 23.606749, lon: 37.927136, timestamp: 2021-01-09 02:44:16
2022-12-05 21:27:21,191 | INFO | detect: inside, lat: 23.606815, lon: 37.927184, timestamp: 2021-01-09 02:44:17
2022-12-05 21:27:21,193 | INFO | detect: inside, lat: 23.60688, lon: 37.927232, timestamp: 2021-01-09 02:44:18
2022-12-05 21:27:21,194 | INFO | detect: inside, lat: 23.606946, lon: 37.927281, timestamp: 2021-01-09 02:44:19
2022-12-05 21:27:21,196 | INFO | detect: inside, lat: 23.607012, lon: 37.927329, timestamp: 2021-01-09 02:44:20
2022-12-05 21:27:21,198 | INFO | detect: inside, lat: 23.607078, lon: 37.927377, timestamp: 2021-01-09 02:44:21
2022-12-05 21:27:21,200 | INFO | detect: inside, lat: 23.607143, lon: 37.927426, timestamp: 2021-01-09 02:44:22
2022-12-05 21:27:21,202 | INFO | detect: inside, lat: 23.607209, lon: 37.927474, timestamp: 2021-01-09 02:44:23
2022-12-05 21:27:21,204 | INFO | detect: inside, lat: 23.607275, lon: 37.927522, timestamp: 2021-01-09 02:44:24
2022-12-05 21:27:21,206 | INFO | detect: inside, lat: 23.607341, lon: 37.92757, timestamp: 2021-01-09 02:44:25
2022-12-05 21:27:21,208 | INFO | detect: inside, lat: 23.607406, lon: 37.927619, timestamp: 2021-01-09 02:44:26
2022-12-05 21:27:21,210 | INFO | detect: inside, lat: 23.607472, lon: 37.927667, timestamp: 2021-01-09 02:44:27
2022-12-05 21:27:21,212 | INFO | detect: inside, lat: 23.607538, lon: 37.927715, timestamp: 2021-01-09 02:44:28
2022-12-05 21:27:21,213 | INFO | detect: inside, lat: 23.607603, lon: 37.927764, timestamp: 2021-01-09 02:44:29
2022-12-05 21:27:21,215 | INFO | detect: inside, lat: 23.607669, lon: 37.927812, timestamp: 2021-01-09 02:44:30
2022-12-05 21:27:21,217 | INFO | detect: inside, lat: 23.607735, lon: 37.92786, timestamp: 2021-01-09 02:44:31
2022-12-05 21:27:21,219 | INFO | detect: inside, lat: 23.607801, lon: 37.927908, timestamp: 2021-01-09 02:44:32
2022-12-05 21:27:21,221 | INFO | detect: inside, lat: 23.607866, lon: 37.927957, timestamp: 2021-01-09 02:44:33
2022-12-05 21:27:21,223 | INFO | detect: inside, lat: 23.607932, lon: 37.928005, timestamp: 2021-01-09 02:44:34
2022-12-05 21:27:21,225 | INFO | detect: inside, lat: 23.607998, lon: 37.928053, timestamp: 2021-01-09 02:44:35
2022-12-05 21:27:21,227 | INFO | detect: inside, lat: 23.608064, lon: 37.928102, timestamp: 2021-01-09 02:44:36
2022-12-05 21:27:21,229 | INFO | detect: inside, lat: 23.608129, lon: 37.92815, timestamp: 2021-01-09 02:44:37
2022-12-05 21:27:21,231 | INFO | detect: inside, lat: 23.608195, lon: 37.928198, timestamp: 2021-01-09 02:44:38
2022-12-05 21:27:21,233 | INFO | detect: inside, lat: 23.608261, lon: 37.928247, timestamp: 2021-01-09 02:44:39
2022-12-05 21:27:21,235 | INFO | detect: inside, lat: 23.608327, lon: 37.928295, timestamp: 2021-01-09 02:44:40
2022-12-05 21:27:21,238 | INFO | detect: inside, lat: 23.608392, lon: 37.928343, timestamp: 2021-01-09 02:44:41
2022-12-05 21:27:21,240 | INFO | detect: inside, lat: 23.608458, lon: 37.928391, timestamp: 2021-01-09 02:44:42
2022-12-05 21:27:21,242 | INFO | detect: inside, lat: 23.608524, lon: 37.92844, timestamp: 2021-01-09 02:44:43
2022-12-05 21:27:21,244 | INFO | detect: inside, lat: 23.608589, lon: 37.928488, timestamp: 2021-01-09 02:44:44
2022-12-05 21:27:21,247 | INFO | detect: inside, lat: 23.608655, lon: 37.928536, timestamp: 2021-01-09 02:44:45
2022-12-05 21:27:21,248 | INFO | detect: inside, lat: 23.608721, lon: 37.928585, timestamp: 2021-01-09 02:44:46
2022-12-05 21:27:21,249 | INFO | detect: inside, lat: 23.608787, lon: 37.928633, timestamp: 2021-01-09 02:44:47
2022-12-05 21:27:21,251 | INFO | detect: inside, lat: 23.608852, lon: 37.928681, timestamp: 2021-01-09 02:44:48
2022-12-05 21:27:21,252 | INFO | detect: inside, lat: 23.608918, lon: 37.92873, timestamp: 2021-01-09 02:44:49
2022-12-05 21:27:21,253 | INFO | detect: inside, lat: 23.608984, lon: 37.928778, timestamp: 2021-01-09 02:44:50
2022-12-05 21:27:21,255 | INFO | detect: inside, lat: 23.60905, lon: 37.928826, timestamp: 2021-01-09 02:44:51
2022-12-05 21:27:21,256 | INFO | detect: inside, lat: 23.609115, lon: 37.928874, timestamp: 2021-01-09 02:44:52
2022-12-05 21:27:21,257 | INFO | detect: inside, lat: 23.609181, lon: 37.928923, timestamp: 2021-01-09 02:44:53
2022-12-05 21:27:21,259 | INFO | detect: inside, lat: 23.609247, lon: 37.928971, timestamp: 2021-01-09 02:44:54
2022-12-05 21:27:21,260 | INFO | detect: inside, lat: 23.609312, lon: 37.929019, timestamp: 2021-01-09 02:44:55
2022-12-05 21:27:21,261 | INFO | detect: inside, lat: 23.609378, lon: 37.929068, timestamp: 2021-01-09 02:44:56
2022-12-05 21:27:21,263 | INFO | detect: inside, lat: 23.609444, lon: 37.929116, timestamp: 2021-01-09 02:44:57
2022-12-05 21:27:21,264 | INFO | detect: inside, lat: 23.60951, lon: 37.929164, timestamp: 2021-01-09 02:44:58
2022-12-05 21:27:21,265 | INFO | detect: inside, lat: 23.609575, lon: 37.929213, timestamp: 2021-01-09 02:44:59
2022-12-05 21:27:21,266 | INFO | detect: inside, lat: 23.609641, lon: 37.929261, timestamp: 2021-01-09 02:45:00
2022-12-05 21:27:21,267 | INFO | detect: inside, lat: 23.609707, lon: 37.929309, timestamp: 2021-01-09 02:45:01
2022-12-05 21:27:21,269 | INFO | detect: inside, lat: 23.609773, lon: 37.929357, timestamp: 2021-01-09 02:45:02
2022-12-05 21:27:21,270 | INFO | detect: inside, lat: 23.609838, lon: 37.929406, timestamp: 2021-01-09 02:45:03
2022-12-05 21:27:21,271 | INFO | detect: inside, lat: 23.609904, lon: 37.929454, timestamp: 2021-01-09 02:45:04
2022-12-05 21:27:21,273 | INFO | detect: inside, lat: 23.60997, lon: 37.929502, timestamp: 2021-01-09 02:45:05
2022-12-05 21:27:21,274 | INFO | detect: inside, lat: 23.610036, lon: 37.929551, timestamp: 2021-01-09 02:45:06
2022-12-05 21:27:21,275 | INFO | detect: inside, lat: 23.610101, lon: 37.929599, timestamp: 2021-01-09 02:45:07
2022-12-05 21:27:21,277 | INFO | detect: inside, lat: 23.610167, lon: 37.929647, timestamp: 2021-01-09 02:45:08
2022-12-05 21:27:21,278 | INFO | detect: inside, lat: 23.610233, lon: 37.929695, timestamp: 2021-01-09 02:45:09
2022-12-05 21:27:21,279 | INFO | detect: inside, lat: 23.610298, lon: 37.929744, timestamp: 2021-01-09 02:45:10
2022-12-05 21:27:21,280 | INFO | detect: inside, lat: 23.610364, lon: 37.929792, timestamp: 2021-01-09 02:45:11
2022-12-05 21:27:21,281 | INFO | detect: inside, lat: 23.61043, lon: 37.92984, timestamp: 2021-01-09 02:45:12
2022-12-05 21:27:21,283 | INFO | detect: inside, lat: 23.610496, lon: 37.929889, timestamp: 2021-01-09 02:45:13
2022-12-05 21:27:21,284 | INFO | detect: inside, lat: 23.610561, lon: 37.929937, timestamp: 2021-01-09 02:45:14
2022-12-05 21:27:21,286 | INFO | detect: inside, lat: 23.610627, lon: 37.929985, timestamp: 2021-01-09 02:45:15
2022-12-05 21:27:21,287 | INFO | detect: inside, lat: 23.610693, lon: 37.930034, timestamp: 2021-01-09 02:45:16
2022-12-05 21:27:21,289 | INFO | detect: inside, lat: 23.610759, lon: 37.930082, timestamp: 2021-01-09 02:45:17
2022-12-05 21:27:21,291 | INFO | detect: inside, lat: 23.610824, lon: 37.93013, timestamp: 2021-01-09 02:45:18
2022-12-05 21:27:21,292 | INFO | detect: inside, lat: 23.61089, lon: 37.930178, timestamp: 2021-01-09 02:45:19
2022-12-05 21:27:21,293 | INFO | detect: inside, lat: 23.610956, lon: 37.930227, timestamp: 2021-01-09 02:45:20
2022-12-05 21:27:21,294 | INFO | detect: inside, lat: 23.611021, lon: 37.930275, timestamp: 2021-01-09 02:45:21
2022-12-05 21:27:21,295 | INFO | detect: inside, lat: 23.611087, lon: 37.930323, timestamp: 2021-01-09 02:45:22
2022-12-05 21:27:21,297 | INFO | detect: inside, lat: 23.611153, lon: 37.930372, timestamp: 2021-01-09 02:45:23
2022-12-05 21:27:21,298 | INFO | detect: inside, lat: 23.611219, lon: 37.93042, timestamp: 2021-01-09 02:45:24
2022-12-05 21:27:21,299 | INFO | detect: inside, lat: 23.611284, lon: 37.930468, timestamp: 2021-01-09 02:45:25
2022-12-05 21:27:21,300 | INFO | detect: inside, lat: 23.61135, lon: 37.930517, timestamp: 2021-01-09 02:45:26
2022-12-05 21:27:21,302 | INFO | detect: inside, lat: 23.611416, lon: 37.930565, timestamp: 2021-01-09 02:45:27
2022-12-05 21:27:21,303 | INFO | detect: inside, lat: 23.611482, lon: 37.930613, timestamp: 2021-01-09 02:45:28
2022-12-05 21:27:21,304 | INFO | detect: inside, lat: 23.611547, lon: 37.930661, timestamp: 2021-01-09 02:45:29
2022-12-05 21:27:21,305 | INFO | detect: inside, lat: 23.611613, lon: 37.93071, timestamp: 2021-01-09 02:45:30
2022-12-05 21:27:21,306 | INFO | detect: inside, lat: 23.611679, lon: 37.930758, timestamp: 2021-01-09 02:45:31
2022-12-05 21:27:21,308 | INFO | detect: inside, lat: 23.611745, lon: 37.930806, timestamp: 2021-01-09 02:45:32
2022-12-05 21:27:21,309 | INFO | detect: inside, lat: 23.61181, lon: 37.930855, timestamp: 2021-01-09 02:45:33
2022-12-05 21:27:21,310 | INFO | detect: inside, lat: 23.611876, lon: 37.930903, timestamp: 2021-01-09 02:45:34
2022-12-05 21:27:21,312 | INFO | detect: inside, lat: 23.611942, lon: 37.930951, timestamp: 2021-01-09 02:45:35
2022-12-05 21:27:21,313 | INFO | detect: inside, lat: 23.612007, lon: 37.930999, timestamp: 2021-01-09 02:45:36
2022-12-05 21:27:21,314 | INFO | detect: inside, lat: 23.612073, lon: 37.931048, timestamp: 2021-01-09 02:45:37
2022-12-05 21:27:21,316 | INFO | detect: inside, lat: 23.612139, lon: 37.931096, timestamp: 2021-01-09 02:45:38
2022-12-05 21:27:21,317 | INFO | detect: inside, lat: 23.612205, lon: 37.931144, timestamp: 2021-01-09 02:45:39
2022-12-05 21:27:21,318 | INFO | detect: inside, lat: 23.61227, lon: 37.931193, timestamp: 2021-01-09 02:45:40
2022-12-05 21:27:21,319 | INFO | detect: inside, lat: 23.612336, lon: 37.931241, timestamp: 2021-01-09 02:45:41
2022-12-05 21:27:21,320 | INFO | detect: inside, lat: 23.612402, lon: 37.931289, timestamp: 2021-01-09 02:45:42
2022-12-05 21:27:21,321 | INFO | detect: inside, lat: 23.612468, lon: 37.931338, timestamp: 2021-01-09 02:45:43
2022-12-05 21:27:21,322 | INFO | detect: inside, lat: 23.612533, lon: 37.931386, timestamp: 2021-01-09 02:45:44
2022-12-05 21:27:21,323 | INFO | detect: inside, lat: 23.612599, lon: 37.931434, timestamp: 2021-01-09 02:45:45
2022-12-05 21:27:21,324 | INFO | detect: inside, lat: 23.612665, lon: 37.931482, timestamp: 2021-01-09 02:45:46
2022-12-05 21:27:21,327 | INFO | detect: inside, lat: 23.61273, lon: 37.931531, timestamp: 2021-01-09 02:45:47
2022-12-05 21:27:21,328 | INFO | detect: inside, lat: 23.612796, lon: 37.931579, timestamp: 2021-01-09 02:45:48
2022-12-05 21:27:21,329 | INFO | detect: inside, lat: 23.612862, lon: 37.931627, timestamp: 2021-01-09 02:45:49
2022-12-05 21:27:21,331 | INFO | detect: inside, lat: 23.612928, lon: 37.931676, timestamp: 2021-01-09 02:45:50
2022-12-05 21:27:21,333 | INFO | detect: inside, lat: 23.612993, lon: 37.931724, timestamp: 2021-01-09 02:45:51
2022-12-05 21:27:21,334 | INFO | detect: inside, lat: 23.613059, lon: 37.931772, timestamp: 2021-01-09 02:45:52
2022-12-05 21:27:21,336 | INFO | detect: inside, lat: 23.613125, lon: 37.93182, timestamp: 2021-01-09 02:45:53
2022-12-05 21:27:21,337 | INFO | detect: inside, lat: 23.613191, lon: 37.931869, timestamp: 2021-01-09 02:45:54
2022-12-05 21:27:21,338 | INFO | detect: inside, lat: 23.613256, lon: 37.931917, timestamp: 2021-01-09 02:45:55
2022-12-05 21:27:21,339 | INFO | detect: inside, lat: 23.613322, lon: 37.931965, timestamp: 2021-01-09 02:45:56
2022-12-05 21:27:21,340 | INFO | detect: inside, lat: 23.613388, lon: 37.932014, timestamp: 2021-01-09 02:45:57
2022-12-05 21:27:21,341 | INFO | detect: inside, lat: 23.613454, lon: 37.932062, timestamp: 2021-01-09 02:45:58
2022-12-05 21:27:21,342 | INFO | detect: inside, lat: 23.613519, lon: 37.93211, timestamp: 2021-01-09 02:45:59
2022-12-05 21:27:21,343 | INFO | detect: inside, lat: 23.613585, lon: 37.932159, timestamp: 2021-01-09 02:46:00
2022-12-05 21:27:21,344 | INFO | detect: inside, lat: 23.613651, lon: 37.932207, timestamp: 2021-01-09 02:46:01
2022-12-05 21:27:21,346 | INFO | detect: inside, lat: 23.613716, lon: 37.932255, timestamp: 2021-01-09 02:46:02
2022-12-05 21:27:21,348 | INFO | detect: inside, lat: 23.613782, lon: 37.932303, timestamp: 2021-01-09 02:46:03
2022-12-05 21:27:21,349 | INFO | detect: inside, lat: 23.613848, lon: 37.932352, timestamp: 2021-01-09 02:46:04
2022-12-05 21:27:21,350 | INFO | detect: inside, lat: 23.613914, lon: 37.9324, timestamp: 2021-01-09 02:46:05
2022-12-05 21:27:21,351 | INFO | detect: inside, lat: 23.613979, lon: 37.932448, timestamp: 2021-01-09 02:46:06
2022-12-05 21:27:21,352 | INFO | detect: inside, lat: 23.614045, lon: 37.932497, timestamp: 2021-01-09 02:46:07
2022-12-05 21:27:21,354 | INFO | detect: inside, lat: 23.614111, lon: 37.932545, timestamp: 2021-01-09 02:46:08
2022-12-05 21:27:21,355 | INFO | detect: inside, lat: 23.614177, lon: 37.932593, timestamp: 2021-01-09 02:46:09
2022-12-05 21:27:21,356 | INFO | detect: inside, lat: 23.614242, lon: 37.932641, timestamp: 2021-01-09 02:46:10
2022-12-05 21:27:21,357 | INFO | detect: inside, lat: 23.614308, lon: 37.93269, timestamp: 2021-01-09 02:46:11
2022-12-05 21:27:21,358 | INFO | detect: inside, lat: 23.614374, lon: 37.932738, timestamp: 2021-01-09 02:46:12
2022-12-05 21:27:21,359 | INFO | detect: inside, lat: 23.614439, lon: 37.932786, timestamp: 2021-01-09 02:46:13
2022-12-05 21:27:21,360 | INFO | detect: inside, lat: 23.614505, lon: 37.932835, timestamp: 2021-01-09 02:46:14
2022-12-05 21:27:21,361 | INFO | detect: inside, lat: 23.614571, lon: 37.932883, timestamp: 2021-01-09 02:46:15
2022-12-05 21:27:21,362 | INFO | detect: inside, lat: 23.614637, lon: 37.932931, timestamp: 2021-01-09 02:46:16
2022-12-05 21:27:21,363 | INFO | detect: inside, lat: 23.614702, lon: 37.93298, timestamp: 2021-01-09 02:46:17
2022-12-05 21:27:21,364 | INFO | detect: inside, lat: 23.614768, lon: 37.933028, timestamp: 2021-01-09 02:46:18
2022-12-05 21:27:21,365 | INFO | detect: inside, lat: 23.614834, lon: 37.933076, timestamp: 2021-01-09 02:46:19
2022-12-05 21:27:21,366 | INFO | detect: inside, lat: 23.6149, lon: 37.933124, timestamp: 2021-01-09 02:46:20
2022-12-05 21:27:21,368 | INFO | detect: inside, lat: 23.614965, lon: 37.933173, timestamp: 2021-01-09 02:46:21
2022-12-05 21:27:21,369 | INFO | detect: inside, lat: 23.615031, lon: 37.933221, timestamp: 2021-01-09 02:46:22
2022-12-05 21:27:21,370 | INFO | detect: inside, lat: 23.615097, lon: 37.933269, timestamp: 2021-01-09 02:46:23
2022-12-05 21:27:21,371 | INFO | detect: inside, lat: 23.615163, lon: 37.933318, timestamp: 2021-01-09 02:46:24
2022-12-05 21:27:21,372 | INFO | detect: inside, lat: 23.615228, lon: 37.933366, timestamp: 2021-01-09 02:46:25
2022-12-05 21:27:21,374 | INFO | detect: inside, lat: 23.615294, lon: 37.933414, timestamp: 2021-01-09 02:46:26
2022-12-05 21:27:21,375 | INFO | detect: inside, lat: 23.61536, lon: 37.933463, timestamp: 2021-01-09 02:46:27
2022-12-05 21:27:21,376 | INFO | detect: inside, lat: 23.615425, lon: 37.933511, timestamp: 2021-01-09 02:46:28
2022-12-05 21:27:21,377 | INFO | detect: inside, lat: 23.615491, lon: 37.933559, timestamp: 2021-01-09 02:46:29
2022-12-05 21:27:21,378 | INFO | detect: inside, lat: 23.615557, lon: 37.933607, timestamp: 2021-01-09 02:46:30
2022-12-05 21:27:21,379 | INFO | detect: inside, lat: 23.615623, lon: 37.933656, timestamp: 2021-01-09 02:46:31
2022-12-05 21:27:21,380 | INFO | detect: inside, lat: 23.615688, lon: 37.933704, timestamp: 2021-01-09 02:46:32
2022-12-05 21:27:21,381 | INFO | detect: inside, lat: 23.615754, lon: 37.933752, timestamp: 2021-01-09 02:46:33
2022-12-05 21:27:21,382 | INFO | detect: inside, lat: 23.61582, lon: 37.933801, timestamp: 2021-01-09 02:46:34
2022-12-05 21:27:21,383 | INFO | detect: inside, lat: 23.615886, lon: 37.933849, timestamp: 2021-01-09 02:46:35
2022-12-05 21:27:21,384 | INFO | detect: inside, lat: 23.615951, lon: 37.933897, timestamp: 2021-01-09 02:46:36
2022-12-05 21:27:21,385 | INFO | detect: exit, lat: 23.616017, lon: 37.933945, timestamp: 2021-01-09 02:46:37
2022-12-05 21:27:21,386 | INFO | detect: outside, lat: 23.616017, lon: 37.933945, timestamp: 2021-01-09 02:46:37
2022-12-05 21:27:21,388 | INFO | detect: outside, lat: 23.616083, lon: 37.933994, timestamp: 2021-01-09 02:46:38
2022-12-05 21:27:21,389 | INFO | detect: outside, lat: 23.616148, lon: 37.934042, timestamp: 2021-01-09 02:46:39
2022-12-05 21:27:21,390 | INFO | detect: outside, lat: 23.616214, lon: 37.93409, timestamp: 2021-01-09 02:46:40
2022-12-05 21:27:21,392 | INFO | detect: outside, lat: 23.61628, lon: 37.934139, timestamp: 2021-01-09 02:46:41
2022-12-05 21:27:21,393 | INFO | detect: outside, lat: 23.616346, lon: 37.934187, timestamp: 2021-01-09 02:46:42
2022-12-05 21:27:21,394 | INFO | detect: outside, lat: 23.616411, lon: 37.934235, timestamp: 2021-01-09 02:46:43
2022-12-05 21:27:21,395 | INFO | detect: outside, lat: 23.616477, lon: 37.934283, timestamp: 2021-01-09 02:46:44
2022-12-05 21:27:21,396 | INFO | detect: outside, lat: 23.616543, lon: 37.934332, timestamp: 2021-01-09 02:46:45
2022-12-05 21:27:21,397 | INFO | detect: outside, lat: 23.616609, lon: 37.93438, timestamp: 2021-01-09 02:46:46
2022-12-05 21:27:21,398 | INFO | detect: outside, lat: 23.616674, lon: 37.934428, timestamp: 2021-01-09 02:46:47
2022-12-05 21:27:21,399 | INFO | detect: outside, lat: 23.61674, lon: 37.934477, timestamp: 2021-01-09 02:46:48
2022-12-05 21:27:21,400 | INFO | detect: outside, lat: 23.616806, lon: 37.934525, timestamp: 2021-01-09 02:46:49
2022-12-05 21:27:21,401 | INFO | detect: outside, lat: 23.616872, lon: 37.934573, timestamp: 2021-01-09 02:46:50
2022-12-05 21:27:21,402 | INFO | detect: outside, lat: 23.616937, lon: 37.934622, timestamp: 2021-01-09 02:46:51
2022-12-05 21:27:21,403 | INFO | detect: outside, lat: 23.617003, lon: 37.93467, timestamp: 2021-01-09 02:46:52
2022-12-05 21:27:21,404 | INFO | detect: outside, lat: 23.617069, lon: 37.934718, timestamp: 2021-01-09 02:46:53
2022-12-05 21:27:21,405 | INFO | detect: outside, lat: 23.617134, lon: 37.934766, timestamp: 2021-01-09 02:46:54
2022-12-05 21:27:21,406 | INFO | detect: outside, lat: 23.6172, lon: 37.934815, timestamp: 2021-01-09 02:46:55
2022-12-05 21:27:21,408 | INFO | detect: outside, lat: 23.617266, lon: 37.934863, timestamp: 2021-01-09 02:46:56
2022-12-05 21:27:21,409 | INFO | detect: outside, lat: 23.617332, lon: 37.934911, timestamp: 2021-01-09 02:46:57
2022-12-05 21:27:21,410 | INFO | detect: outside, lat: 23.617397, lon: 37.93496, timestamp: 2021-01-09 02:46:58
2022-12-05 21:27:21,411 | INFO | detect: outside, lat: 23.617463, lon: 37.935008, timestamp: 2021-01-09 02:46:59
2022-12-05 21:27:21,412 | INFO | detect: outside, lat: 23.617529, lon: 37.935056, timestamp: 2021-01-09 02:47:00
2022-12-05 21:27:21,413 | INFO | detect: outside, lat: 23.617595, lon: 37.935104, timestamp: 2021-01-09 02:47:01
2022-12-05 21:27:21,414 | INFO | detect: outside, lat: 23.61766, lon: 37.935153, timestamp: 2021-01-09 02:47:02
2022-12-05 21:27:21,415 | INFO | detect: outside, lat: 23.617726, lon: 37.935201, timestamp: 2021-01-09 02:47:03
2022-12-05 21:27:21,417 | INFO | detect: outside, lat: 23.617792, lon: 37.935249, timestamp: 2021-01-09 02:47:04
2022-12-05 21:27:21,418 | INFO | detect: outside, lat: 23.617857, lon: 37.935298, timestamp: 2021-01-09 02:47:05
2022-12-05 21:27:21,419 | INFO | detect: outside, lat: 23.617923, lon: 37.935346, timestamp: 2021-01-09 02:47:06
2022-12-05 21:27:21,420 | INFO | detect: outside, lat: 23.617989, lon: 37.935394, timestamp: 2021-01-09 02:47:07
2022-12-05 21:27:21,421 | INFO | detect: outside, lat: 23.618055, lon: 37.935443, timestamp: 2021-01-09 02:47:08
2022-12-05 21:27:21,421 | INFO | detect: outside, lat: 23.61812, lon: 37.935491, timestamp: 2021-01-09 02:47:09
2022-12-05 21:27:21,422 | INFO | detect: outside, lat: 23.618186, lon: 37.935539, timestamp: 2021-01-09 02:47:10
2022-12-05 21:27:21,423 | INFO | detect: outside, lat: 23.618252, lon: 37.935587, timestamp: 2021-01-09 02:47:11
2022-12-05 21:27:21,424 | INFO | detect: outside, lat: 23.618318, lon: 37.935636, timestamp: 2021-01-09 02:47:12
2022-12-05 21:27:21,426 | INFO | detect: outside, lat: 23.618383, lon: 37.935684, timestamp: 2021-01-09 02:47:13
2022-12-05 21:27:21,427 | INFO | detect: outside, lat: 23.618449, lon: 37.935732, timestamp: 2021-01-09 02:47:14
2022-12-05 21:27:21,428 | INFO | detect: outside, lat: 23.618515, lon: 37.935781, timestamp: 2021-01-09 02:47:15
2022-12-05 21:27:21,429 | INFO | detect: outside, lat: 23.618581, lon: 37.935829, timestamp: 2021-01-09 02:47:16
2022-12-05 21:27:21,431 | INFO | detect: outside, lat: 23.618646, lon: 37.935877, timestamp: 2021-01-09 02:47:17
2022-12-05 21:27:21,432 | INFO | detect: outside, lat: 23.618712, lon: 37.935925, timestamp: 2021-01-09 02:47:18
2022-12-05 21:27:21,433 | INFO | detect: outside, lat: 23.618778, lon: 37.935974, timestamp: 2021-01-09 02:47:19
2022-12-05 21:27:21,434 | INFO | detect: outside, lat: 23.618843, lon: 37.936022, timestamp: 2021-01-09 02:47:20
2022-12-05 21:27:21,435 | INFO | detect: outside, lat: 23.618909, lon: 37.93607, timestamp: 2021-01-09 02:47:21
2022-12-05 21:27:21,436 | INFO | detect: outside, lat: 23.618975, lon: 37.936119, timestamp: 2021-01-09 02:47:22
2022-12-05 21:27:21,437 | INFO | detect: outside, lat: 23.619041, lon: 37.936167, timestamp: 2021-01-09 02:47:23
2022-12-05 21:27:21,438 | INFO | detect: outside, lat: 23.619106, lon: 37.936215, timestamp: 2021-01-09 02:47:24
2022-12-05 21:27:21,439 | INFO | detect: outside, lat: 23.619172, lon: 37.936264, timestamp: 2021-01-09 02:47:25
2022-12-05 21:27:21,440 | INFO | detect: outside, lat: 23.619238, lon: 37.936312, timestamp: 2021-01-09 02:47:26
2022-12-05 21:27:21,441 | INFO | detect: outside, lat: 23.619304, lon: 37.93636, timestamp: 2021-01-09 02:47:27
2022-12-05 21:27:21,442 | INFO | detect: outside, lat: 23.619369, lon: 37.936408, timestamp: 2021-01-09 02:47:28
2022-12-05 21:27:21,443 | INFO | detect: outside, lat: 23.619435, lon: 37.936457, timestamp: 2021-01-09 02:47:29
2022-12-05 21:27:21,444 | INFO | detect: outside, lat: 23.619501, lon: 37.936505, timestamp: 2021-01-09 02:47:30
2022-12-05 21:27:21,445 | INFO | detect: outside, lat: 23.619566, lon: 37.936553, timestamp: 2021-01-09 02:47:31
2022-12-05 21:27:21,447 | INFO | detect: outside, lat: 23.619632, lon: 37.936602, timestamp: 2021-01-09 02:47:32
2022-12-05 21:27:21,448 | INFO | detect: outside, lat: 23.619698, lon: 37.93665, timestamp: 2021-01-09 02:47:33
2022-12-05 21:27:21,449 | INFO | detect: outside, lat: 23.619764, lon: 37.936698, timestamp: 2021-01-09 02:47:34
2022-12-05 21:27:21,451 | INFO | detect: outside, lat: 23.619829, lon: 37.936746, timestamp: 2021-01-09 02:47:35
2022-12-05 21:27:21,452 | INFO | detect: outside, lat: 23.619895, lon: 37.936795, timestamp: 2021-01-09 02:47:36
2022-12-05 21:27:21,453 | INFO | detect: outside, lat: 23.619961, lon: 37.936843, timestamp: 2021-01-09 02:47:37
2022-12-05 21:27:21,455 | INFO | detect: outside, lat: 23.620027, lon: 37.936891, timestamp: 2021-01-09 02:47:38
2022-12-05 21:27:21,456 | INFO | detect: outside, lat: 23.620092, lon: 37.93694, timestamp: 2021-01-09 02:47:39
2022-12-05 21:27:21,457 | INFO | detect: outside, lat: 23.620158, lon: 37.936988, timestamp: 2021-01-09 02:47:40
2022-12-05 21:27:21,458 | INFO | detect: outside, lat: 23.620224, lon: 37.937036, timestamp: 2021-01-09 02:47:41
2022-12-05 21:27:21,459 | INFO | detect: outside, lat: 23.62029, lon: 37.937084, timestamp: 2021-01-09 02:47:42
2022-12-05 21:27:21,460 | INFO | detect: outside, lat: 23.620355, lon: 37.937133, timestamp: 2021-01-09 02:47:43
2022-12-05 21:27:21,461 | INFO | detect: outside, lat: 23.620421, lon: 37.937181, timestamp: 2021-01-09 02:47:44
2022-12-05 21:27:21,462 | INFO | detect: outside, lat: 23.620487, lon: 37.937229, timestamp: 2021-01-09 02:47:45
2022-12-05 21:27:21,463 | INFO | detect: outside, lat: 23.620552, lon: 37.937278, timestamp: 2021-01-09 02:47:46
2022-12-05 21:27:21,463 | INFO | detect: outside, lat: 23.620618, lon: 37.937326, timestamp: 2021-01-09 02:47:47
2022-12-05 21:27:21,464 | INFO | detect: outside, lat: 23.620684, lon: 37.937374, timestamp: 2021-01-09 02:47:48
2022-12-05 21:27:21,466 | INFO | detect: outside, lat: 23.62075, lon: 37.937423, timestamp: 2021-01-09 02:47:49
2022-12-05 21:27:21,467 | INFO | detect: outside, lat: 23.620815, lon: 37.937471, timestamp: 2021-01-09 02:47:50
2022-12-05 21:27:21,468 | INFO | detect: outside, lat: 23.620881, lon: 37.937519, timestamp: 2021-01-09 02:47:51
2022-12-05 21:27:21,469 | INFO | detect: outside, lat: 23.620947, lon: 37.937567, timestamp: 2021-01-09 02:47:52
2022-12-05 21:27:21,470 | INFO | detect: outside, lat: 23.621013, lon: 37.937616, timestamp: 2021-01-09 02:47:53
2022-12-05 21:27:21,472 | INFO | detect: outside, lat: 23.621078, lon: 37.937664, timestamp: 2021-01-09 02:47:54
2022-12-05 21:27:21,473 | INFO | detect: outside, lat: 23.621144, lon: 37.937712, timestamp: 2021-01-09 02:47:55
2022-12-05 21:27:21,474 | INFO | detect: outside, lat: 23.62121, lon: 37.937761, timestamp: 2021-01-09 02:47:56
2022-12-05 21:27:21,475 | INFO | detect: outside, lat: 23.621275, lon: 37.937809, timestamp: 2021-01-09 02:47:57
2022-12-05 21:27:21,477 | INFO | detect: outside, lat: 23.621341, lon: 37.937857, timestamp: 2021-01-09 02:47:58
2022-12-05 21:27:21,478 | INFO | detect: outside, lat: 23.621407, lon: 37.937905, timestamp: 2021-01-09 02:47:59
2022-12-05 21:27:21,479 | INFO | detect: outside, lat: 23.621473, lon: 37.937954, timestamp: 2021-01-09 02:48:00
